<?xml version="1.0" encoding="UTF-8"?>
<testng-results ignored="0" total="2" passed="2" failed="0" skipped="0">
  <reporter-output>
  </reporter-output>
  <suite started-at="2021-07-27T14:20:36 EDT" name="liveproject suite" finished-at="2021-07-27T14:20:42 EDT" duration-ms="5367">
    <groups>
    </groups>
    <test started-at="2021-07-27T14:20:36 EDT" name="verifyPendingLeaveRquests" finished-at="2021-07-27T14:20:39 EDT" duration-ms="3086">
      <class name="testcases.test_pending_leave_request">
        <test-method signature="verifyPendingLeaveRquests()[pri:0, instance:testcases.test_pending_leave_request@57c758ac]" started-at="2021-07-27T14:20:36 EDT" name="verifyPendingLeaveRquests" finished-at="2021-07-27T14:20:39 EDT" duration-ms="3060" status="PASS">
          <reporter-output>
          </reporter-output>
        </test-method> <!-- verifyPendingLeaveRquests -->
      </class> <!-- testcases.test_pending_leave_request -->
    </test> <!-- verifyPendingLeaveRquests -->
    <test started-at="2021-07-27T14:20:39 EDT" name="checkuserrole" finished-at="2021-07-27T14:20:42 EDT" duration-ms="2255">
      <class name="testcases.test_userrole">
        <test-method is-config="true" signature="launch_browser()[pri:0, instance:testcases.test_userrole@7193666c]" started-at="2021-07-27T14:20:33 EDT" name="launch_browser" finished-at="2021-07-27T14:20:36 EDT" duration-ms="3729" status="PASS">
          <reporter-output>
          </reporter-output>
        </test-method> <!-- launch_browser -->
        <test-method signature="checkuserrole()[pri:0, instance:testcases.test_userrole@7193666c]" started-at="2021-07-27T14:20:39 EDT" name="checkuserrole" finished-at="2021-07-27T14:20:42 EDT" duration-ms="2252" status="PASS">
          <reporter-output>
          </reporter-output>
        </test-method> <!-- checkuserrole -->
        <test-method is-config="true" signature="teardown()[pri:0, instance:testcases.test_userrole@7193666c]" started-at="2021-07-27T14:20:42 EDT" name="teardown" finished-at="2021-07-27T14:20:42 EDT" duration-ms="184" status="PASS">
          <reporter-output>
          </reporter-output>
        </test-method> <!-- teardown -->
      </class> <!-- testcases.test_userrole -->
    </test> <!-- checkuserrole -->
  </suite> <!-- liveproject suite -->
</testng-results>
